<?xml version="1.0" encoding="UTF-8"?>
<testsuite name="CalculatorTest" tests="1" skipped="0" failures="0" errors="0" timestamp="2024-12-10T18:26:20" hostname="DESKTOP-26A9125" time="0.018">
  <properties/>
  <testcase name="testCalculate" classname="CalculatorTest" time="0.018"/>
  <system-out><![CDATA[]]></system-out>
  <system-err><![CDATA[]]></system-err>
</testsuite>
